$ next dev --turbopack
   ▲ Next.js 15.5.6 (Turbopack)
   - Local:        http://localhost:3000
   - Network:      http://169.254.0.21:3000

 ✓ Starting...
Attention: Next.js now collects completely anonymous telemetry regarding usage.
This information is used to shape Next.js' roadmap and prioritize features.
You can learn more, including how to opt-out if you'd not like to participate in this anonymous program, by visiting the following URL:
https://nextjs.org/telemetry

 ✓ Ready in 1910ms
 ○ Compiling / ...
 ✓ Compiled / in 5.6s
 ⚠ metadataBase property in metadata export is not set for resolving social open graph or twitter images, using "http://localhost:3000". See https://nextjs.org/docs/app/api-reference/functions/generate-metadata#metadatabase
 GET / 200 in 6195ms
 GET / 200 in 6487ms
 ⚠ Cross origin request detected from company-research-2.lindy.site to /_next/* resource. In a future major version of Next.js, you will need to explicitly configure "allowedDevOrigins" in next.config to allow this.
Read more: https://nextjs.org/docs/app/api-reference/config/next-config-js/allowedDevOrigins
 ○ Compiling /favicon.ico ...
 ✓ Compiled /favicon.ico in 594ms
 GET /favicon.ico 200 in 936ms
 GET / 200 in 548ms
 GET /favicon.ico 200 in 354ms
 GET /favicon.ico?favicon.bf3c9292.ico 200 in 275ms
 ✓ Compiled /api/research in 257ms
 POST /api/research 400 in 536ms
 GET / 200 in 628ms
[?25h
